         sample    id      state  ... type item response
30288  National  3030  Wisconsin  ...  NaN    a        0
30289  National  3030  Wisconsin  ...  NaN    b        0
30290  National  3030  Wisconsin  ...  NaN    c        0
30291  National  3030  Wisconsin  ...  NaN    d        0
30292  National  3030  Wisconsin  ...  NaN    e        1
...         ...   ...        ...  ...  ...  ...      ...
78967  National  7086       Ohio  ...  NaN    h        0
78968  National  7086       Ohio  ...  NaN    i        0
78969  National  7086       Ohio  ...  NaN    j        0
78970  National  7086       Ohio  ...  NaN    k        0
78971  National  7086       Ohio  ...  NaN    l        0

[28920 rows x 26 columns]
                                                                                
                              Step      Grad      Sampli…                       
  Progre…   Draws   Diverg…   size      evals     Speed     Elapsed   Remaini…  
 ────────────────────────────────────────────────────────────────────────────── 
  ━━━━━━━   4000    0         0.03      127       1.00      1:06:32   0:00:00   
                                                  draws/s                       
  ━━━━━━━   4000    0         0.03      127       1.11      1:13:41   0:00:00   
                                                  s/draws                       
  ━━━━━━━   4000    0         0.03      127       1.01      1:06:03   0:00:00   
                                                  draws/s                       
  ━━━━━━━   4000    0         0.03      127       1.08      1:11:47   0:00:00   
                                                  s/draws                       
  ━━━━━━━   4000    0         0.03      127       1.00      1:06:38   0:00:00   
                                                  draws/s                       
  ━━━━━━━   4000    0         0.03      127       1.19      1:19:16   0:00:00   
                                                  s/draws                       
  ━━━━━━━   4000    0         0.03      127       1.01      1:05:53   0:00:00   
                                                  draws/s                       
  ━━━━━━━   4000    0         0.03      127       1.28      1:25:31   0:00:00   
                                                  s/draws                       
  ━━━━━━━   4000    0         0.04      127       1.01      1:06:05   0:00:00   
                                                  draws/s                       
  ━━━━━━━   4000    0         0.03      127       1.00      1:06:36   0:00:00   
                                                  draws/s                       
  ━━━━━━━   4000    0         0.03      127       1.05      1:09:56   0:00:00   
                                                  s/draws                       
  ━━━━━━━   4000    0         0.03      127       1.01      1:06:09   0:00:00   
                                                  draws/s                       
  ━━━━━━━   4000    0         0.03      127       1.00      1:06:57   0:00:00   
                                                  s/draws                       
  ━━━━━━━   4000    0         0.03      127       1.41      1:33:40   0:00:00   
                                                  s/draws                       
  ━━━━━━━   4000    0         0.03      127       1.01      1:07:22   0:00:00   
                                                  s/draws                       
  ━━━━━━━   4000    0         0.03      127       1.01      1:07:18   0:00:00   
                                                  s/draws                       
                                                                                
                            mean     sd  hdi_3%  ...  ess_bulk  ess_tail  r_hat
Intercept                 -3.498  0.298  -4.050  ...    4387.0    8532.0   1.01
sample[Coastal Flooding]  -1.077  0.469  -1.943  ...   11865.0   18835.0   1.00
sample[Earthquake]         0.227  0.433  -0.592  ...   12289.0   18997.0   1.00
sample[Hurricane]          0.380  0.426  -0.407  ...   12006.0   18309.0   1.00
sample[Riverine Flooding] -0.459  0.447  -1.311  ...   12448.0   18863.0   1.00
...                          ...    ...     ...  ...       ...       ...    ...
1|item[h]                 -1.065  0.258  -1.547  ...    3768.0    8439.0   1.01
1|item[i]                 -0.191  0.256  -0.684  ...    3689.0    8313.0   1.01
1|item[j]                 -0.063  0.257  -0.560  ...    3703.0    8359.0   1.01
1|item[k]                  0.203  0.256  -0.301  ...    3700.0    8141.0   1.01
1|item[l]                 -0.829  0.257  -1.320  ...    3772.0    8683.0   1.01

[4003 rows x 9 columns]
